<?xml version='1.0' encoding='UTF-8'?>
<testsuite hostname="mateusz-X550LN" name="ComplexNumberTest" tests="31" errors="0" failures="0" skipped="0" time="0.037" timestamp="2020-07-26T13:24:12">
                     <properties>
      <property name="awt.toolkit" value="sun.awt.X11.XToolkit"/><property name="java.specification.version" value="11"/><property name="sun.cpu.isalist" value=""/><property name="sun.jnu.encoding" value="UTF-8"/><property name="sun.arch.data.model" value="64"/><property name="java.vendor.url" value="https://ubuntu.com/"/><property name="sun.boot.library.path" value="/usr/lib/jvm/java-11-openjdk-amd64/lib"/><property name="sun.java.command" value="/usr/share/sbt/bin/sbt-launch.jar test"/><property name="jdk.debug" value="release"/><property name="java.specification.vendor" value="Oracle Corporation"/><property name="java.version.date" value="2020-07-14"/><property name="java.home" value="/usr/lib/jvm/java-11-openjdk-amd64"/><property name="file.separator" value="/"/><property name="java.vm.compressedOopsMode" value="32-bit"/><property name="line.separator" value="
"/><property name="java.specification.name" value="Java Platform API Specification"/><property name="java.vm.specification.vendor" value="Oracle Corporation"/><property name="sun.management.compiler" value="HotSpot 64-Bit Tiered Compilers"/><property name="java.runtime.version" value="11.0.8+10-post-Ubuntu-0ubuntu120.04"/><property name="user.name" value="mateusz"/><property name="log4j.ignoreTCL" value="true"/><property name="file.encoding" value="UTF-8"/><property name="java.io.tmpdir" value="/tmp"/><property name="java.version" value="11.0.8"/><property name="java.vm.specification.name" value="Java Virtual Machine Specification"/><property name="java.awt.printerjob" value="sun.print.PSPrinterJob"/><property name="sun.os.patch.level" value="unknown"/><property name="java.library.path" value="/usr/java/packages/lib:/usr/lib/x86_64-linux-gnu/jni:/lib/x86_64-linux-gnu:/usr/lib/x86_64-linux-gnu:/usr/lib/jni:/lib:/usr/lib"/><property name="java.vendor" value="Ubuntu"/><property name="scala.ext.dirs" value="/home/mateusz/.sbt/0.13/java9-rt-ext-ubuntu_11_0_8"/><property name="sun.io.unicode.encoding" value="UnicodeLittle"/><property name="sun.desktop" value="gnome"/><property name="java.class.path" value="/usr/share/sbt/bin/sbt-launch.jar"/><property name="java.vm.vendor" value="Ubuntu"/><property name="jline.shutdownhook" value="false"/><property name="user.timezone" value="Europe/Warsaw"/><property name="os.name" value="Linux"/><property name="java.vm.specification.version" value="11"/><property name="sun.java.launcher" value="SUN_STANDARD"/><property name="user.country" value="US"/><property name="sun.cpu.endian" value="little"/><property name="user.home" value="/home/mateusz"/><property name="user.language" value="en"/><property name="swoval.tmpdir" value="/home/mateusz/.sbt/1.0"/><property name="java.awt.graphicsenv" value="sun.awt.X11GraphicsEnvironment"/><property name="jline.esc.timeout" value="0"/><property name="path.separator" value=":"/><property name="os.version" value="5.4.0-42-generic"/><property name="jna.nosys" value="true"/><property name="java.runtime.name" value="OpenJDK Runtime Environment"/><property name="java.vm.name" value="OpenJDK 64-Bit Server VM"/><property name="java.vendor.url.bug" value="https://bugs.launchpad.net/ubuntu/+source/openjdk-lts"/><property name="user.dir" value="/home/mateusz/Projekty/exercism/scala/complex-numbers"/><property name="os.arch" value="amd64"/><property name="java.vm.info" value="mixed mode, sharing"/><property name="java.vm.version" value="11.0.8+10-post-Ubuntu-0ubuntu120.04"/><property name="java.class.version" value="55.0"/>
    </properties>
                     <testcase classname="ComplexNumberTest" name="Real part of a purely real number" time="0.023">
                                                 
                                               </testcase><testcase classname="ComplexNumberTest" name="Real part of a purely imaginary number" time="0.0">
                                                 
                                               </testcase><testcase classname="ComplexNumberTest" name="Real part of a number with real and imaginary part" time="0.0">
                                                 
                                               </testcase><testcase classname="ComplexNumberTest" name="Imaginary part of a purely real number" time="0.0">
                                                 
                                               </testcase><testcase classname="ComplexNumberTest" name="Imaginary part of a purely imaginary number" time="0.0">
                                                 
                                               </testcase><testcase classname="ComplexNumberTest" name="Imaginary part of a number with real and imaginary part" time="0.001">
                                                 
                                               </testcase><testcase classname="ComplexNumberTest" name="Imaginary unit" time="0.001">
                                                 
                                               </testcase><testcase classname="ComplexNumberTest" name="Add purely real numbers" time="0.0">
                                                 
                                               </testcase><testcase classname="ComplexNumberTest" name="Add purely imaginary numbers" time="0.0">
                                                 
                                               </testcase><testcase classname="ComplexNumberTest" name="Add numbers with real and imaginary part" time="0.0">
                                                 
                                               </testcase><testcase classname="ComplexNumberTest" name="Subtract purely real numbers" time="0.001">
                                                 
                                               </testcase><testcase classname="ComplexNumberTest" name="Subtract purely imaginary numbers" time="0.001">
                                                 
                                               </testcase><testcase classname="ComplexNumberTest" name="Subtract numbers with real and imaginary part" time="0.0">
                                                 
                                               </testcase><testcase classname="ComplexNumberTest" name="Multiply purely real numbers" time="0.001">
                                                 
                                               </testcase><testcase classname="ComplexNumberTest" name="Multiply purely imaginary numbers" time="0.0">
                                                 
                                               </testcase><testcase classname="ComplexNumberTest" name="Multiply numbers with real and imaginary part" time="0.001">
                                                 
                                               </testcase><testcase classname="ComplexNumberTest" name="Divide purely real numbers" time="0.0">
                                                 
                                               </testcase><testcase classname="ComplexNumberTest" name="Divide purely imaginary numbers" time="0.001">
                                                 
                                               </testcase><testcase classname="ComplexNumberTest" name="Divide numbers with real and imaginary part" time="0.001">
                                                 
                                               </testcase><testcase classname="ComplexNumberTest" name="Absolute value of a positive purely real number" time="0.0">
                                                 
                                               </testcase><testcase classname="ComplexNumberTest" name="Absolute value of a negative purely real number" time="0.0">
                                                 
                                               </testcase><testcase classname="ComplexNumberTest" name="Absolute value of a purely imaginary number with positive imaginary part" time="0.001">
                                                 
                                               </testcase><testcase classname="ComplexNumberTest" name="Absolute value of a purely imaginary number with negative imaginary part" time="0.0">
                                                 
                                               </testcase><testcase classname="ComplexNumberTest" name="Absolute value of a number with real and imaginary part" time="0.0">
                                                 
                                               </testcase><testcase classname="ComplexNumberTest" name="Conjugate a purely real number" time="0.001">
                                                 
                                               </testcase><testcase classname="ComplexNumberTest" name="Conjugate a purely imaginary number" time="0.0">
                                                 
                                               </testcase><testcase classname="ComplexNumberTest" name="Conjugate a number with real and imaginary part" time="0.001">
                                                 
                                               </testcase><testcase classname="ComplexNumberTest" name="Euler's identity/formula" time="0.001">
                                                 
                                               </testcase><testcase classname="ComplexNumberTest" name="Exponential of 0" time="0.0">
                                                 
                                               </testcase><testcase classname="ComplexNumberTest" name="Exponential of a purely real number" time="0.001">
                                                 
                                               </testcase><testcase classname="ComplexNumberTest" name="Exponential of a number with real and imaginary part" time="0.001">
                                                 
                                               </testcase>
                     <system-out><![CDATA[]]></system-out>
                     <system-err><![CDATA[]]></system-err>
                   </testsuite>