<?xml version='1.0' encoding='UTF-8'?>
<testsuite hostname="mateusz-X550LN" name="HelloWorldTest" tests="1" errors="0" failures="0" skipped="0" time="0.038" timestamp="2020-03-20T20:23:27">
                     <properties>
      <property name="jline.esc.timeout" value="0"/><property name="jna.platform.library.path" value="/usr/lib/x86_64-linux-gnu:/lib/x86_64-linux-gnu:/lib64:/usr/lib:/lib:/lib/i386-linux-gnu:/usr/lib/i386-linux-gnu:/usr/lib/i386-linux-gnu/sse2:/usr/lib/x86_64-linux-gnu/libfakeroot"/><property name="java.runtime.name" value="Java(TM) SE Runtime Environment"/><property name="sun.boot.library.path" value="/home/mateusz/Downloads/jre1.8.0_241/lib/amd64"/><property name="java.vm.version" value="25.241-b07"/><property name="java.vm.vendor" value="Oracle Corporation"/><property name="java.vendor.url" value="http://java.oracle.com/"/><property name="path.separator" value=":"/><property name="jna.loaded" value="true"/><property name="java.vm.name" value="Java HotSpot(TM) 64-Bit Server VM"/><property name="file.encoding.pkg" value="sun.io"/><property name="user.country" value="US"/><property name="sun.java.launcher" value="SUN_STANDARD"/><property name="sun.os.patch.level" value="unknown"/><property name="jna.nosys" value="true"/><property name="java.vm.specification.name" value="Java Virtual Machine Specification"/><property name="user.dir" value="/home/mateusz/Projekty/exercism/scala/hello-world"/><property name="java.runtime.version" value="1.8.0_241-b07"/><property name="java.awt.graphicsenv" value="sun.awt.X11GraphicsEnvironment"/><property name="java.endorsed.dirs" value="/home/mateusz/Downloads/jre1.8.0_241/lib/endorsed"/><property name="os.arch" value="amd64"/><property name="java.io.tmpdir" value="/tmp"/><property name="line.separator" value="
"/><property name="java.vm.specification.vendor" value="Oracle Corporation"/><property name="log4j.ignoreTCL" value="true"/><property name="os.name" value="Linux"/><property name="sun.jnu.encoding" value="UTF-8"/><property name="jnidispatch.path" value="/tmp/jna-840934519/jna5285428022741403754.tmp"/><property name="java.library.path" value="/usr/java/packages/lib/amd64:/usr/lib64:/lib64:/lib:/usr/lib"/><property name="java.specification.name" value="Java Platform API Specification"/><property name="java.class.version" value="52.0"/><property name="sun.management.compiler" value="HotSpot 64-Bit Tiered Compilers"/><property name="os.version" value="4.15.0-91-generic"/><property name="swoval.tmpdir" value="/home/mateusz/.sbt/1.0"/><property name="user.home" value="/home/mateusz"/><property name="user.timezone" value="Europe/Warsaw"/><property name="java.awt.printerjob" value="sun.print.PSPrinterJob"/><property name="file.encoding" value="UTF-8"/><property name="java.specification.version" value="1.8"/><property name="java.class.path" value="/usr/share/sbt/bin/sbt-launch.jar"/><property name="user.name" value="mateusz"/><property name="jline.shutdownhook" value="false"/><property name="java.vm.specification.version" value="1.8"/><property name="sun.java.command" value="/usr/share/sbt/bin/sbt-launch.jar test"/><property name="java.home" value="/home/mateusz/Downloads/jre1.8.0_241"/><property name="sun.arch.data.model" value="64"/><property name="user.language" value="en"/><property name="java.specification.vendor" value="Oracle Corporation"/><property name="awt.toolkit" value="sun.awt.X11.XToolkit"/><property name="java.vm.info" value="mixed mode"/><property name="java.version" value="1.8.0_241"/><property name="java.ext.dirs" value="/home/mateusz/Downloads/jre1.8.0_241/lib/ext:/usr/java/packages/lib/ext"/><property name="sun.boot.class.path" value="/home/mateusz/Downloads/jre1.8.0_241/lib/resources.jar:/home/mateusz/Downloads/jre1.8.0_241/lib/rt.jar:/home/mateusz/Downloads/jre1.8.0_241/lib/sunrsasign.jar:/home/mateusz/Downloads/jre1.8.0_241/lib/jsse.jar:/home/mateusz/Downloads/jre1.8.0_241/lib/jce.jar:/home/mateusz/Downloads/jre1.8.0_241/lib/charsets.jar:/home/mateusz/Downloads/jre1.8.0_241/lib/jfr.jar:/home/mateusz/Downloads/jre1.8.0_241/classes"/><property name="java.vendor" value="Oracle Corporation"/><property name="file.separator" value="/"/><property name="java.vendor.url.bug" value="http://bugreport.sun.com/bugreport/"/><property name="sun.io.unicode.encoding" value="UnicodeLittle"/><property name="sun.cpu.endian" value="little"/><property name="sun.desktop" value="gnome"/><property name="sun.cpu.isalist" value=""/>
    </properties>
                     <testcase classname="HelloWorldTest" name="Say Hi!" time="0.038">
                                                 
                                               </testcase>
                     <system-out><![CDATA[]]></system-out>
                     <system-err><![CDATA[]]></system-err>
                   </testsuite>